<?xml version="1.0" encoding="UTF-8"?>
<!-- Generated by org.testng.reporters.JUnitReportReporter -->
<testsuite hostname="DESKTOP-TSHER2F" failures="0" tests="1" name="commonMethods.Testcases" time="4.693" errors="0" timestamp="2023-11-02T18:15:29 IST" skipped="0">
  <testcase classname="commonMethods.Testcases" name="ChatBot2" time="4.693">
    <system-out>
      <![CDATA[STEP1
STEP2
STEP3
STEP4]]>
    </system-out>
  </testcase> <!-- ChatBot2 -->
  <system-out>
    <![CDATA[STEP1
STEP2
STEP3
STEP4]]>
  </system-out>
</testsuite> <!-- commonMethods.Testcases -->
